[2021-10-20 13:16:29] [INFO   ] Adding new students 
[2021-10-20 13:16:29] [INFO   ] Adding students to list 
[2021-10-20 13:16:29] [INFO   ] Listing current student list 
[2021-10-20 13:16:29] [INFO   ] Deleting student based on ID 
[2021-10-20 13:16:29] [INFO   ] Searching student list based on age 
[2021-10-20 13:16:29] [INFO   ] Sorting student list by last name 
[2021-10-20 13:16:29] [INFO   ] Sorting student list by last age 
[2021-10-20 13:16:37] [INFO   ] Adding new students 
[2021-10-20 13:16:37] [INFO   ] Adding students to list 
[2021-10-20 13:16:37] [INFO   ] Listing current student list 
[2021-10-20 13:16:37] [INFO   ] Deleting student based on ID 
[2021-10-20 13:16:37] [INFO   ] Searching student list based on age 
[2021-10-20 13:16:37] [INFO   ] Sorting student list by last name 
[2021-10-20 13:16:37] [INFO   ] Sorting student list by last age 
[2021-10-20 13:17:09] [INFO   ] Adding new students 
[2021-10-20 13:17:09] [WARNING] Invalid date entry aaa. Format must be dd/MM/yyyy, numbers only 
[2021-10-20 13:18:10] [INFO   ] Adding new students 
[2021-10-20 13:18:10] [WARNING] Invalid entry: Every field is required, first name is empty, last name is empty, date of birth is empty 
[2021-10-20 13:19:11] [INFO   ] Adding new students 
[2021-10-20 13:19:11] [INFO   ] Adding students to list 
[2021-10-20 13:19:11] [INFO   ] Listing current student list 
[2021-10-20 13:19:11] [INFO   ] Deleting student based on ID 
[2021-10-20 13:19:11] [WARNING] Invalid entry: Invalid id input 0, must have 13 numbers, start with [1,2,5,6] 
[2021-10-20 13:20:04] [INFO   ] Adding new students 
[2021-10-20 13:20:04] [INFO   ] Adding students to list 
[2021-10-20 13:20:04] [INFO   ] Listing current student list 
[2021-10-20 13:20:04] [INFO   ] Deleting student based on ID 
[2021-10-20 13:20:04] [INFO   ] Searching student list based on age 
[2021-10-20 13:20:04] [INFO   ] Sorting student list by last name 
[2021-10-20 13:20:04] [INFO   ] Sorting student list by last age 
[2021-10-20 13:20:23] [INFO   ] Adding new students 
[2021-10-20 13:20:24] [INFO   ] Adding students to list 
[2021-10-20 13:20:24] [INFO   ] Listing current student list 
[2021-10-20 13:20:24] [INFO   ] Deleting student based on ID 
[2021-10-20 13:21:07] [INFO   ] Searching student list based on age 
[2021-10-20 13:21:07] [INFO   ] Sorting student list by last name 
[2021-10-20 13:21:07] [INFO   ] Sorting student list by last age 
[2021-10-20 13:21:09] [INFO   ] Adding new students 
[2021-10-20 13:21:10] [INFO   ] Adding students to list 
[2021-10-20 13:21:10] [INFO   ] Listing current student list 
[2021-10-20 13:21:10] [INFO   ] Deleting student based on ID 
[2021-10-20 14:17:53] [INFO   ] Searching student list based on age 
[2021-10-20 14:17:53] [INFO   ] Sorting student list by last name 
[2021-10-20 14:17:53] [INFO   ] Sorting student list by last age 
[2021-10-20 14:18:22] [INFO   ] Adding new students 
[2021-10-20 14:18:22] [WARNING] Invalid entry: Every field is required, first name is empty, last name is empty, date of birth is empty 
[2021-10-20 14:20:17] [INFO   ] Adding new students 
[2021-10-20 14:20:17] [WARNING] Invalid entry: ro.sci.exceptions.InvalidInputException: Every field is required, first name is empty, last name is empty, date of birth is empty 
[2021-10-20 14:22:08] [INFO   ] Adding new students 
[2021-10-20 14:22:08] [WARNING] Invalid entry: [ro.sci.Util.checkEmptyData(Util.java:128), ro.sci.student.Student.<init>(Student.java:29), ro.sci.student.Student.<init>(Student.java:25), ro.sci.Main.main(Main.java:40)] 
[2021-10-20 14:22:49] [INFO   ] Adding new students 
[2021-10-20 14:22:49] [WARNING] Invalid entry: Every field is required, first name is empty, last name is empty, date of birth is empty 
[2021-10-20 14:24:57] [INFO   ] Adding new students 
[2021-10-20 14:24:57] [WARNING] Invalid entry: Every field is required, first name is empty, last name is empty, date of birth is empty 
[2021-10-20 14:25:09] [INFO   ] Adding new students 
[2021-10-20 14:25:09] [INFO   ] Adding students to list 
[2021-10-20 14:25:09] [INFO   ] Listing current student list 
[2021-10-20 14:25:09] [INFO   ] Deleting student based on ID 
[2021-10-20 14:25:09] [INFO   ] Searching student list based on age 
[2021-10-20 14:25:09] [WARNING] Invalid entry: Invalid age -1 input 
[2021-10-20 14:26:37] [INFO   ] Adding new students 
[2021-10-20 14:26:37] [INFO   ] Adding students to list 
[2021-10-20 14:26:37] [INFO   ] Listing current student list 
[2021-10-20 14:26:37] [INFO   ] Deleting student based on ID 
[2021-10-20 14:26:37] [INFO   ] Searching student list based on age 
[2021-10-20 14:26:37] [INFO   ] Sorting student list by last name 
[2021-10-20 14:26:37] [WARNING] Invalid entry: Sorting criteria is required 
[2021-10-20 14:26:59] [INFO   ] Adding new students 
[2021-10-20 14:27:00] [INFO   ] Adding students to list 
[2021-10-20 14:27:00] [INFO   ] Listing current student list 
[2021-10-20 14:27:00] [INFO   ] Deleting student based on ID 
[2021-10-20 14:27:00] [INFO   ] Searching student list based on age 
[2021-10-20 14:27:00] [INFO   ] Sorting student list by last name 
[2021-10-20 14:27:00] [WARNING] Invalid entry: List can be sorted only by name or date of birth 
